<?xml version="1.0" encoding="utf-8"?><testsuites name="pytest tests"><testsuite name="pytest" errors="0" failures="0" skipped="0" tests="16" time="6.125" timestamp="2026-07-10T04:24:12.191180+00:00" hostname="agent-env-21a5d393-396c-4da1-b207-4b2603784973"><testcase classname="tests.test_backup_and_discover.TestBackupRestore" name="test_backup_file_exists_on_disk" time="0.001" /><testcase classname="tests.test_backup_and_discover.TestBackupRestore" name="test_backup_admin_only_download" time="0.746" /><testcase classname="tests.test_backup_and_discover.TestBackupRestore" name="test_backup_forbidden_for_client" time="0.502" /><testcase classname="tests.test_backup_and_discover.TestDiscoverCountAndCategory" name="test_discover_exact_count_thermostat[1]" time="1.233" /><testcase classname="tests.test_backup_and_discover.TestDiscoverCountAndCategory" name="test_discover_exact_count_thermostat[3]" time="0.444" /><testcase classname="tests.test_backup_and_discover.TestBackupRestore" name="test_backup_forbidden_for_installer" time="0.477" /><testcase classname="tests.test_backup_and_discover.TestDiscoverCountAndCategory" name="test_discover_exact_count_thermostat[5]" time="0.775" /><testcase classname="tests.test_backup_and_discover.TestBackupRestore" name="test_backup_save_admin" time="0.057" /><testcase classname="tests.test_backup_and_discover.TestBackupRestore" name="test_backup_save_forbidden_client" time="0.048" /><testcase classname="tests.test_backup_and_discover.TestBackupRestore" name="test_restore_invalid_body_400" time="0.091" /><testcase classname="tests.test_backup_and_discover.TestBackupRestore" name="test_restore_forbidden_client" time="0.048" /><testcase classname="tests.test_backup_and_discover.TestBackupRestore" name="test_restore_roundtrip_preserves_admin_login" time="0.833" /><testcase classname="tests.test_backup_and_discover.TestDiscoverCountAndCategory" name="test_discover_gainable" time="0.878" /><testcase classname="tests.test_backup_and_discover.TestDiscoverCountAndCategory" name="test_discover_count_clamped_low" time="0.522" /><testcase classname="tests.test_backup_and_discover.TestDiscoverCountAndCategory" name="test_discover_count_clamped_high" time="0.435" /><testcase classname="tests.test_backup_and_discover.TestDiscoverCountAndCategory" name="test_associate_creates_device_per_thermostat" time="1.142" /></testsuite></testsuites>