<?xml version="1.0" encoding="utf-8"?><testsuites name="pytest tests"><testsuite name="pytest" errors="0" failures="0" skipped="0" tests="8" time="4.781" timestamp="2026-07-10T07:40:01.891255+00:00" hostname="agent-env-21a5d393-396c-4da1-b207-4b2603784973"><testcase classname="tests.test_discover_tuya_real.TestRealDiscovery" name="test_tuya_project_active" time="0.698" /><testcase classname="tests.test_discover_tuya_real.TestSimRetrocompat" name="test_default_source_is_sim" time="1.179" /><testcase classname="tests.test_discover_tuya_real.TestSimRetrocompat" name="test_source_sim_explicit" time="0.314" /><testcase classname="tests.test_discover_tuya_real.TestRealDiscovery" name="test_discover_real_returns_200_list" time="1.473" /><testcase classname="tests.test_discover_tuya_real.TestSecurityNoLeak" name="test_pairing_list_no_secrets" time="0.046" /><testcase classname="tests.test_discover_tuya_real.TestSecurityNoLeak" name="test_devices_list_no_secrets" time="0.093" /><testcase classname="tests.test_discover_tuya_real.TestRealDiscovery" name="test_discover_real_idempotent" time="1.662" /><testcase classname="tests.test_discover_tuya_real.TestAssociateSim" name="test_associate_sim_creates_device_and_hides_secrets" time="0.297" /></testsuite></testsuites>