<?xml version="1.0" encoding="utf-8"?><testsuites name="pytest tests"><testsuite name="pytest" errors="0" failures="0" skipped="0" tests="10" time="2.747" timestamp="2026-07-10T04:38:22.577225+00:00" hostname="agent-env-21a5d393-396c-4da1-b207-4b2603784973"><testcase classname="tests.test_history_and_create_fix" name="test_create_with_empty_zone_name_backend_accepts" time="0.719" /><testcase classname="tests.test_history_and_create_fix" name="test_template_maison_creates_6_zones" time="0.101" /><testcase classname="tests.test_history_and_create_fix" name="test_template_studio_creates_1_zone" time="0.097" /><testcase classname="tests.test_history_and_create_fix" name="test_history_endpoint[24-25]" time="0.567" /><testcase classname="tests.test_history_and_create_fix" name="test_history_endpoint[48-49]" time="0.060" /><testcase classname="tests.test_history_and_create_fix" name="test_history_endpoint[72-73]" time="0.056" /><testcase classname="tests.test_history_and_create_fix" name="test_history_clamp_below_6" time="0.054" /><testcase classname="tests.test_history_and_create_fix" name="test_history_clamp_above_72" time="0.058" /><testcase classname="tests.test_history_and_create_fix" name="test_history_unauthenticated_forbidden" time="0.098" /><testcase classname="tests.test_history_and_create_fix" name="test_zzz_cleanup_test_installations" time="0.196" /></testsuite></testsuites>