<?xml version="1.0" encoding="utf-8"?><testsuites name="pytest tests"><testsuite name="pytest" errors="0" failures="0" skipped="0" tests="13" time="3.946" timestamp="2026-07-26T18:31:23.528474+00:00" hostname="agent-env-0b1c11c0-9b66-49f7-9ac2-d6fbfb4aa9bd"><testcase classname="tests.test_ota_update_iter28" name="test_admin_login_returns_access_token" time="0.412" /><testcase classname="tests.test_ota_update_iter28" name="test_update_info_super_admin_ok" time="1.749" /><testcase classname="tests.test_ota_update_iter28" name="test_update_info_moderator_ok" time="0.110" /><testcase classname="tests.test_ota_update_iter28" name="test_update_info_forbidden_for_non_admin[client]" time="0.101" /><testcase classname="tests.test_ota_update_iter28" name="test_update_info_forbidden_for_non_admin[guest]" time="0.103" /><testcase classname="tests.test_ota_update_iter28" name="test_update_info_forbidden_for_non_admin[installer]" time="0.101" /><testcase classname="tests.test_ota_update_iter28" name="test_update_info_without_token" time="0.105" /><testcase classname="tests.test_ota_update_iter28" name="test_apply_update_super_admin_returns_502_in_cloud" time="0.127" /><testcase classname="tests.test_ota_update_iter28" name="test_apply_update_moderator_forbidden" time="0.145" /><testcase classname="tests.test_ota_update_iter28" name="test_apply_update_forbidden_for_non_admin[client]" time="0.119" /><testcase classname="tests.test_ota_update_iter28" name="test_apply_update_forbidden_for_non_admin[guest]" time="0.114" /><testcase classname="tests.test_ota_update_iter28" name="test_apply_update_forbidden_for_non_admin[installer]" time="0.105" /><testcase classname="tests.test_ota_update_iter28" name="test_apply_update_without_token" time="0.143" /></testsuite></testsuites>