<?xml version="1.0" encoding="utf-8"?><testsuites name="pytest tests"><testsuite name="pytest" errors="0" failures="0" skipped="0" tests="6" time="1.518" timestamp="2026-07-12T12:54:47.353728+00:00" hostname="agent-env-0b1c11c0-9b66-49f7-9ac2-d6fbfb4aa9bd"><testcase classname="tests.test_catalog_included_filter.TestAuthRegression" name="test_login_returns_access_token" time="0.375" /><testcase classname="tests.test_catalog_included_filter.TestAuthRegression" name="test_auth_me" time="0.142" /><testcase classname="tests.test_catalog_included_filter.TestCatalogIncludedFilter" name="test_get_catalog_returns_only_included" time="0.159" /><testcase classname="tests.test_catalog_included_filter.TestCatalogIncludedFilter" name="test_toggle_included_updates_catalog" time="0.101" /><testcase classname="tests.test_catalog_included_filter.TestCatalogIncludedFilter" name="test_discover_applies_included_filter" time="0.490" /><testcase classname="tests.test_catalog_included_filter.TestQRCodeFormat" name="test_qr_prefix" time="0.135" /></testsuite></testsuites>