<?xml version="1.0" encoding="utf-8"?><testsuites name="pytest tests"><testsuite name="pytest" errors="0" failures="0" skipped="0" tests="15" time="4.944" timestamp="2026-07-10T08:32:01.455870+00:00" hostname="agent-env-21a5d393-396c-4da1-b207-4b2603784973"><testcase classname="tests.test_qr_catalog_and_associate.TestCatalogRBAC" name="test_admin_list_catalog" time="0.617" /><testcase classname="tests.test_qr_catalog_and_associate.TestCatalogRBAC" name="test_moderator_list_catalog" time="0.464" /><testcase classname="tests.test_qr_catalog_and_associate.TestCatalogRBAC" name="test_client_forbidden_list" time="0.485" /><testcase classname="tests.test_qr_catalog_and_associate.TestCatalogRBAC" name="test_installer_forbidden_list" time="0.510" /><testcase classname="tests.test_qr_catalog_and_associate.TestCatalogRBAC" name="test_client_forbidden_discover" time="0.096" /><testcase classname="tests.test_qr_catalog_and_associate.TestCatalogRBAC" name="test_installer_forbidden_discover" time="0.092" /><testcase classname="tests.test_qr_catalog_and_associate.TestCatalogRBAC" name="test_admin_discover_returns_200" time="1.029" /><testcase classname="tests.test_qr_catalog_and_associate.TestCatalogContent" name="test_test_entries_present_and_shape" time="0.102" /><testcase classname="tests.test_qr_catalog_and_associate.TestAssociateQRSuccess" name="test_associate_with_prefix_and_zone_id" time="0.316" /><testcase classname="tests.test_qr_catalog_and_associate.TestAssociateQRSuccess" name="test_duplicate_association_rejected" time="0.156" /><testcase classname="tests.test_qr_catalog_and_associate.TestAssociateQRSuccess" name="test_associate_gainable_forces_master" time="0.101" /><testcase classname="tests.test_qr_catalog_and_associate.TestAssociateQRSuccess" name="test_associate_new_zone_name" time="0.296" /><testcase classname="tests.test_qr_catalog_and_associate.TestAssociateQRErrors" name="test_unknown_code_404" time="0.108" /><testcase classname="tests.test_qr_catalog_and_associate.TestAssociateQRErrors" name="test_missing_zone_thermostat_400" time="0.302" /><testcase classname="tests.test_qr_catalog_and_associate.TestAssociateQRRights" name="test_client_cannot_associate_on_installer_installation" time="0.198" /></testsuite></testsuites>