<?xml version="1.0" encoding="utf-8"?><testsuites name="pytest tests"><testsuite name="pytest" errors="0" failures="0" skipped="0" tests="9" time="4.670" timestamp="2026-07-14T08:31:43.397496+00:00" hostname="agent-env-0b1c11c0-9b66-49f7-9ac2-d6fbfb4aa9bd"><testcase classname="tests.test_modbus_tuya_iter25" name="test_login_ok" time="0.557" /><testcase classname="tests.test_modbus_tuya_iter25" name="test_installations_list_ok" time="0.142" /><testcase classname="tests.test_modbus_tuya_iter25" name="test_system_ok" time="0.318" /><testcase classname="tests.test_modbus_tuya_iter25" name="test_modbus_scan_graceful" time="0.286" /><testcase classname="tests.test_modbus_tuya_iter25" name="test_modbus_scan_requires_auth" time="0.130" /><testcase classname="tests.test_modbus_tuya_iter25" name="test_modbus_test_graceful" time="0.142" /><testcase classname="tests.test_modbus_tuya_iter25" name="test_tuya_status_requires_auth" time="0.130" /><testcase classname="tests.test_modbus_tuya_iter25" name="test_tuya_status_graceful" time="0.141" /><testcase classname="tests.test_modbus_tuya_iter25" name="test_stability_repeated_calls" time="2.289" /></testsuite></testsuites>