<?xml version="1.0" encoding="utf-8"?><testsuites name="pytest tests"><testsuite name="pytest" errors="0" failures="0" skipped="0" tests="7" time="2.254" timestamp="2026-07-13T10:55:27.787465+00:00" hostname="agent-env-0b1c11c0-9b66-49f7-9ac2-d6fbfb4aa9bd"><testcase classname="tests.test_auth_regression" name="test_backend_up" time="0.217" /><testcase classname="tests.test_auth_regression" name="test_login_success_returns_access_token" time="0.326" /><testcase classname="tests.test_auth_regression" name="test_login_wrong_password_401" time="0.352" /><testcase classname="tests.test_auth_regression" name="test_auth_me_with_token" time="0.502" /><testcase classname="tests.test_auth_regression" name="test_auth_me_without_token_401" time="0.138" /><testcase classname="tests.test_auth_regression" name="test_protected_installations_with_token" time="0.103" /><testcase classname="tests.test_auth_regression" name="test_protected_installations_without_token_denied" time="0.133" /></testsuite></testsuites>