<?xml version="1.0" encoding="utf-8"?><testsuites name="pytest tests"><testsuite name="pytest" errors="0" failures="0" skipped="1" tests="5" time="3.148" timestamp="2026-07-10T08:09:17.271412+00:00" hostname="agent-env-21a5d393-396c-4da1-b207-4b2603784973"><testcase classname="tests.test_create_installation_no_fake.TestCreationNoFakeDevices" name="test_create_with_zones_no_devices" time="1.030" /><testcase classname="tests.test_create_installation_no_fake.TestCreationNoFakeDevices" name="test_create_defaults_master_to_first" time="0.205" /><testcase classname="tests.test_create_installation_no_fake.TestCreationNoFakeDevices" name="test_demo_installation_still_has_devices" time="0.098"><skipped type="pytest.skip" message="Demo installation 'Maison Client Démo' absent from DB (deleted in previous iteration; seed only runs when DB empty). Not a regression of the create-fix.">/app/backend/tests/test_create_installation_no_fake.py:132: Demo installation 'Maison Client Démo' absent from DB (deleted in previous iteration; seed only runs when DB empty). Not a regression of the create-fix.</skipped></testcase><testcase classname="tests.test_create_installation_no_fake.TestDiscover" name="test_discover_tuya_returns_list" time="1.035" /><testcase classname="tests.test_create_installation_no_fake.TestDiscover" name="test_discover_sim_creates_pairings_and_associate" time="0.717" /></testsuite></testsuites>