<?xml version="1.0" encoding="utf-8"?><testsuites name="pytest tests"><testsuite name="pytest" errors="0" failures="0" skipped="0" tests="13" time="3.576" timestamp="2026-07-27T11:06:59.054982+00:00" hostname="agent-env-0b1c11c0-9b66-49f7-9ac2-d6fbfb4aa9bd"><testcase classname="tests.test_panel_associate_branches" name="test_panel_401_without_token" time="0.236" /><testcase classname="tests.test_panel_associate_branches" name="test_panel_401_with_bad_token" time="0.105" /><testcase classname="tests.test_panel_associate_branches" name="test_panel_200_with_good_token" time="0.138" /><testcase classname="tests.test_panel_associate_branches" name="test_panel_zones_structure" time="0.167" /><testcase classname="tests.test_panel_associate_branches" name="test_panel_zones_404_unknown_installation" time="0.117" /><testcase classname="tests.test_panel_associate_branches" name="test_panel_catalog_unassigned_structure" time="0.142" /><testcase classname="tests.test_panel_associate_branches" name="test_panel_associate_creates_new_zone" time="0.360" /><testcase classname="tests.test_panel_associate_branches" name="test_panel_associate_existing_zone" time="0.202" /><testcase classname="tests.test_panel_associate_branches" name="test_panel_associate_gainable_goes_to_master" time="0.099" /><testcase classname="tests.test_panel_associate_branches" name="test_panel_associate_unknown_code" time="0.106" /><testcase classname="tests.test_panel_associate_branches" name="test_panel_associate_double_association_400" time="0.217" /><testcase classname="tests.test_panel_associate_branches" name="test_panel_associate_unknown_installation" time="0.112" /><testcase classname="tests.test_panel_associate_branches" name="test_associate_qr_regression_with_jwt" time="0.542" /></testsuite></testsuites>