<?xml version="1.0" encoding="utf-8"?><testsuites name="pytest tests"><testsuite name="pytest" errors="0" failures="0" skipped="0" tests="24" time="14.398" timestamp="2026-07-14T18:18:37.595554+00:00" hostname="agent-env-0b1c11c0-9b66-49f7-9ac2-d6fbfb4aa9bd"><testcase classname="tests.test_reg_logs_iter27.TestRBAC" name="test_reg_logs_admin_200" time="0.505" /><testcase classname="tests.test_reg_logs_iter27.TestRBAC" name="test_reg_logs_moderator_200" time="0.458" /><testcase classname="tests.test_reg_logs_iter27.TestRBAC" name="test_reg_logs_client_403" time="0.454" /><testcase classname="tests.test_reg_logs_iter27.TestRBAC" name="test_reg_logs_no_token_401" time="0.108" /><testcase classname="tests.test_reg_logs_iter27.TestRBAC" name="test_accounts_admin_200" time="0.405" /><testcase classname="tests.test_reg_logs_iter27.TestRBAC" name="test_accounts_moderator_200" time="0.115" /><testcase classname="tests.test_reg_logs_iter27.TestRBAC" name="test_accounts_client_403" time="0.109" /><testcase classname="tests.test_reg_logs_iter27.TestRBAC" name="test_accounts_no_token" time="0.121" /><testcase classname="tests.test_reg_logs_iter27.TestEventGeneration" name="test_tick_generates_snapshot" time="1.254" /><testcase classname="tests.test_reg_logs_iter27.TestEventGeneration" name="test_mode_change_logs_event" time="1.341" /><testcase classname="tests.test_reg_logs_iter27.TestEventGeneration" name="test_setpoint_change_logs_event" time="1.677" /><testcase classname="tests.test_reg_logs_iter27.TestEventGeneration" name="test_power_change_via_master_power_logs_event" time="2.498" /><testcase classname="tests.test_reg_logs_iter27.TestEventGeneration" name="test_control_mode_change_logs_event" time="2.036" /><testcase classname="tests.test_reg_logs_iter27.TestEventGeneration" name="test_diagnostic_may_log_fault" time="1.804" /><testcase classname="tests.test_reg_logs_iter27.TestFiltering" name="test_filter_by_owner_email" time="0.135" /><testcase classname="tests.test_reg_logs_iter27.TestFiltering" name="test_accounts_lists_client" time="0.111" /><testcase classname="tests.test_reg_logs_iter27.TestFiltering" name="test_filter_by_etype" time="0.122" /><testcase classname="tests.test_reg_logs_iter27.TestFiltering" name="test_ts_sorted_desc" time="0.113" /><testcase classname="tests.test_reg_logs_iter27.TestFiltering" name="test_limit_cap_1000" time="0.144" /><testcase classname="tests.test_reg_logs_iter27.TestFiltering" name="test_limit_respected" time="0.119" /><testcase classname="tests.test_reg_logs_iter27.TestRegression" name="test_tick_shape" time="0.118" /><testcase classname="tests.test_reg_logs_iter27.TestRegression" name="test_modbus_scan_graceful" time="0.115" /><testcase classname="tests.test_reg_logs_iter27.TestRegression" name="test_status_endpoint" time="0.111" /><testcase classname="tests.test_reg_logs_iter27.TestRegression" name="test_login_admin" time="0.340" /></testsuite></testsuites>