<?xml version="1.0" encoding="utf-8"?><testsuites name="pytest tests"><testsuite name="pytest" errors="0" failures="0" skipped="0" tests="7" time="2.106" timestamp="2026-07-12T17:07:15.759299+00:00" hostname="agent-env-0b1c11c0-9b66-49f7-9ac2-d6fbfb4aa9bd"><testcase classname="tests.test_local_iter22.TestDpsMap" name="test_set_dps_map_removes_empty" time="0.614" /><testcase classname="tests.test_local_iter22.TestRefreshStatus" name="test_refresh_status_200" time="0.715" /><testcase classname="tests.test_local_iter22.TestDpsMap" name="test_set_dps_map_404" time="0.151" /><testcase classname="tests.test_local_iter22.TestLocalTest" name="test_local_test_demo_incl_graceful" time="0.116" /><testcase classname="tests.test_local_iter22.TestDpsMap" name="test_set_dps_map_400_missing" time="0.110" /><testcase classname="tests.test_local_iter22.TestControlModeAndTick" name="test_toggle_and_tick" time="0.772" /><testcase classname="tests.test_local_iter22.TestDpsMap" name="test_set_dps_map_400_invalid_type" time="0.101" /></testsuite></testsuites>