<?xml version="1.0" encoding="utf-8"?><testsuites name="pytest tests"><testsuite name="pytest" errors="0" failures="0" skipped="0" tests="10" time="47.444" timestamp="2026-07-14T17:31:36.334004+00:00" hostname="agent-env-0b1c11c0-9b66-49f7-9ac2-d6fbfb4aa9bd"><testcase classname="tests.test_regulation_iter26" name="test_tick_requires_auth" time="0.667" /><testcase classname="tests.test_regulation_iter26" name="test_cloud_tick_regression" time="0.239" /><testcase classname="tests.test_regulation_iter26" name="test_regulation_heating_demand" time="1.379" /><testcase classname="tests.test_regulation_iter26" name="test_regulation_satisfied_purge_then_stop" time="3.472" /><testcase classname="tests.test_regulation_iter26" name="test_local_mode_graceful" time="0.352" /><testcase classname="tests.test_regulation_iter26" name="test_autonomous_loop_stability" time="40.176" /><testcase classname="tests.test_regulation_iter26" name="test_modbus_scan_graceful" time="0.133" /><testcase classname="tests.test_regulation_iter26" name="test_modbus_test_graceful" time="0.124" /><testcase classname="tests.test_regulation_iter26" name="test_gainable_tuya_status_graceful" time="0.127" /><testcase classname="tests.test_regulation_iter26" name="test_zzz_restore_cloud" time="0.167" /></testsuite></testsuites>