<?xml version="1.0" encoding="utf-8"?><testsuites name="pytest tests"><testsuite name="pytest" errors="0" failures="0" skipped="0" tests="9" time="4.969" timestamp="2026-07-13T12:42:51.585114+00:00" hostname="agent-env-0b1c11c0-9b66-49f7-9ac2-d6fbfb4aa9bd"><testcase classname="tests.test_modbus_iter24" name="test_login_returns_access_token" time="0.516" /><testcase classname="tests.test_modbus_iter24" name="test_auth_me" time="0.509" /><testcase classname="tests.test_modbus_iter24" name="test_system_put_modbus_fields_persist" time="0.533" /><testcase classname="tests.test_modbus_iter24" name="test_gainable_modbus_test_graceful" time="0.452" /><testcase classname="tests.test_modbus_iter24" name="test_tick_local_modbus_no_crash" time="0.671" /><testcase classname="tests.test_modbus_iter24" name="test_zones_and_devices_list" time="0.654" /><testcase classname="tests.test_modbus_iter24" name="test_delete_master_zone_refused" time="0.599" /><testcase classname="tests.test_modbus_iter24" name="test_put_zone_setpoint" time="0.538" /><testcase classname="tests.test_modbus_iter24" name="test_build_commands_encoding" time="0.001" /></testsuite></testsuites>