<?xml version="1.0" encoding="utf-8"?><testsuites name="pytest tests"><testsuite name="pytest" errors="0" failures="0" skipped="0" tests="11" time="2.665" timestamp="2026-07-12T05:31:54.014035+00:00" hostname="agent-env-0b1c11c0-9b66-49f7-9ac2-d6fbfb4aa9bd"><testcase classname="tests.test_requirements_regression" name="test_login_admin" time="0.461" /><testcase classname="tests.test_requirements_regression" name="test_auth_me" time="0.141" /><testcase classname="tests.test_requirements_regression" name="test_installations_list" time="0.142" /><testcase classname="tests.test_requirements_regression" name="test_get_system" time="0.140" /><testcase classname="tests.test_requirements_regression" name="test_get_zones" time="0.099" /><testcase classname="tests.test_requirements_regression" name="test_get_devices" time="0.152" /><testcase classname="tests.test_requirements_regression" name="test_simulate_tick" time="0.149" /><testcase classname="tests.test_requirements_regression" name="test_local_tuya_devices" time="0.101" /><testcase classname="tests.test_requirements_regression" name="test_local_tuya_sync_keys" time="0.579" /><testcase classname="tests.test_requirements_regression" name="test_tuya_projects" time="0.096" /><testcase classname="tests.test_requirements_regression" name="test_tuya_regions" time="0.097" /></testsuite></testsuites>