<?xml version="1.0" encoding="utf-8"?><testsuites name="pytest tests"><testsuite name="pytest" errors="0" failures="1" skipped="0" tests="5" time="2.282" timestamp="2026-07-12T13:18:37.157566+00:00" hostname="agent-env-0b1c11c0-9b66-49f7-9ac2-d6fbfb4aa9bd"><testcase classname="tests.test_valves_and_qr_iter21" name="test_zones_valves_persisted_and_clamped" time="0.598" /><testcase classname="tests.test_valves_and_qr_iter21" name="test_update_zone_valves_persist_and_clamp" time="0.340" /><testcase classname="tests.test_valves_and_qr_iter21" name="test_fan_level_weighted_by_valves_low_demand" time="0.496" /><testcase classname="tests.test_valves_and_qr_iter21" name="test_fan_level_forte_on_high_demand" time="0.238" /><testcase classname="tests.test_valves_and_qr_iter21" name="test_catalog_qr_list_available" time="0.100"><failure message="AssertionError: {&quot;detail&quot;:&quot;Not Found&quot;}&#10;assert 404 == 200&#10; +  where 404 = &lt;Response [404]&gt;.status_code">backend/tests/test_valves_and_qr_iter21.py:147: in test_catalog_qr_list_available
    assert r.status_code == 200, r.text
E   AssertionError: {"detail":"Not Found"}
E   assert 404 == 200
E    +  where 404 = &lt;Response [404]&gt;.status_code</failure></testcase></testsuite></testsuites>