<?xml version="1.0" encoding="utf-8"?><testsuites name="pytest tests"><testsuite name="pytest" errors="0" failures="0" skipped="0" tests="38" time="7.586" timestamp="2026-07-09T19:21:53.853298+00:00" hostname="agent-env-163cd922-ce0c-458d-9e4d-e6d9b3e73b84"><testcase classname="tests.backend_test.TestInstallationCreateWithConfig" name="test_installer_create_with_config" time="2.819" /><testcase classname="tests.backend_test.TestZonesDevicesSchedule" name="test_zones_seeded" time="2.868" /><testcase classname="tests.backend_test.TestInstallationCreateWithConfig" name="test_moderator_can_create_and_write" time="0.295" /><testcase classname="tests.backend_test.TestZonesDevicesSchedule" name="test_devices_seeded" time="0.050" /><testcase classname="tests.backend_test.TestZonesDevicesSchedule" name="test_guest_cannot_update_zone" time="0.151" /><testcase classname="tests.backend_test.TestZonesDevicesSchedule" name="test_schedule_crud" time="0.358" /><testcase classname="tests.backend_test.TestInstallationCreateWithConfig" name="test_super_admin_can_create" time="0.157" /><testcase classname="tests.backend_test.TestInstallationCreateWithConfig" name="test_client_forbidden_with_config" time="0.105" /><testcase classname="tests.backend_test.TestInstallationCreateWithConfig" name="test_guest_forbidden_with_config" time="0.114" /><testcase classname="tests.backend_test.TestZonesDevicesSchedule" name="test_master_power_and_set_master" time="0.569" /><testcase classname="tests.backend_test.TestInstallationCreateWithConfig" name="test_no_master_defaults_to_first" time="0.112" /><testcase classname="tests.backend_test.TestAuth" name="test_login_ok" time="0.376" /><testcase classname="tests.backend_test.TestAuth" name="test_login_bad_password" time="0.376" /><testcase classname="tests.backend_test.TestZonesDevicesSchedule" name="test_diagnostic" time="0.059" /><testcase classname="tests.backend_test.TestSystemAccess" name="test_client_write" time="0.297" /><testcase classname="tests.backend_test.TestSystemAccess" name="test_installer_write" time="0.114" /><testcase classname="tests.backend_test.TestAuth" name="test_me_bearer" time="0.053" /><testcase classname="tests.backend_test.TestAuth" name="test_me_unauth" time="0.103" /><testcase classname="tests.backend_test.TestSystemAccess" name="test_guest_forbidden" time="0.091" /><testcase classname="tests.backend_test.TestAuth" name="test_register_and_login" time="0.524" /><testcase classname="tests.backend_test.TestSystemAccess" name="test_moderator_readonly" time="0.343" /><testcase classname="tests.backend_test.TestSystemAccess" name="test_random_installation_403" time="0.047" /><testcase classname="tests.backend_test.TestInstallationsScope" name="test_admin_sees_all" time="0.103" /><testcase classname="tests.backend_test.TestUsersAdmin" name="test_list_users_admin" time="0.054" /><testcase classname="tests.backend_test.TestInstallationsScope" name="test_client_sees_own" time="0.056" /><testcase classname="tests.backend_test.TestUsersAdmin" name="test_list_users_moderator_readonly" time="0.092" /><testcase classname="tests.backend_test.TestInstallationsScope" name="test_guest_sees_readonly" time="0.048" /><testcase classname="tests.backend_test.TestInstallationsScope" name="test_installer_sees_with_access" time="0.055" /><testcase classname="tests.backend_test.TestUsersAdmin" name="test_list_users_client_forbidden" time="0.053" /><testcase classname="tests.backend_test.TestInstallerCreate" name="test_installer_create_and_seed" time="0.169" /><testcase classname="tests.backend_test.TestUsersAdmin" name="test_update_role_moderator_forbidden" time="0.100" /><testcase classname="tests.backend_test.TestInvitations" name="test_guest_invite_and_accept" time="1.263" /><testcase classname="tests.backend_test.TestInstallerCreate" name="test_client_cannot_create" time="0.053" /><testcase classname="tests.backend_test.TestInstallerCreate" name="test_guest_cannot_create" time="0.049" /><testcase classname="tests.backend_test.TestMembers" name="test_members_list" time="0.247" /><testcase classname="tests.backend_test.TestMembers" name="test_toggle_installer_access" time="0.167" /><testcase classname="tests.backend_test.TestInvitations" name="test_invalid_code" time="0.053" /><testcase classname="tests.backend_test.TestInvitations" name="test_guest_cannot_invite" time="0.137" /></testsuite></testsuites>