<?xml version="1.0" encoding="utf-8"?><testsuites name="pytest tests"><testsuite name="pytest" errors="0" failures="0" skipped="0" tests="12" time="2.019" timestamp="2026-07-09T18:07:50.410459+00:00" hostname="agent-env-163cd922-ce0c-458d-9e4d-e6d9b3e73b84"><testcase classname="tests.backend_test.TestZones" name="test_get_zones" time="0.288" /><testcase classname="tests.backend_test.TestSystem" name="test_get_system" time="0.345" /><testcase classname="tests.backend_test.TestZones" name="test_update_zone" time="0.276" /><testcase classname="tests.backend_test.TestSystem" name="test_put_system_valid" time="0.279" /><testcase classname="tests.backend_test.TestZones" name="test_update_zone_404" time="0.054" /><testcase classname="tests.backend_test.TestSchedule" name="test_full_schedule_flow" time="0.629" /><testcase classname="tests.backend_test.TestSystem" name="test_put_system_invalid_mode" time="0.100" /><testcase classname="tests.backend_test.TestDevices" name="test_list_devices" time="0.062" /><testcase classname="tests.backend_test.TestDevices" name="test_sync_devices" time="0.075" /><testcase classname="tests.backend_test.TestSimulate" name="test_tick" time="0.063" /><testcase classname="tests.backend_test.TestSchedule" name="test_create_slot_invalid_zone" time="0.047" /><testcase classname="tests.backend_test.TestSchedule" name="test_update_slot_404" time="0.049" /></testsuite></testsuites>