<?xml version="1.0" encoding="utf-8"?><testsuites name="pytest tests"><testsuite name="pytest" errors="0" failures="0" skipped="0" tests="10" time="4.710" timestamp="2026-07-10T05:01:24.589926+00:00" hostname="agent-env-21a5d393-396c-4da1-b207-4b2603784973"><testcase classname="tests.test_tuya_admin" name="test_regions" time="0.673" /><testcase classname="tests.test_tuya_admin" name="test_list_projects_no_secret" time="0.098" /><testcase classname="tests.test_tuya_admin" name="test_list_projects_forbidden_for_client" time="0.501" /><testcase classname="tests.test_tuya_admin" name="test_invalid_region" time="0.115" /><testcase classname="tests.test_tuya_admin" name="test_create_first_is_active_and_activation_flow" time="0.829" /><testcase classname="tests.test_tuya_admin" name="test_update_does_not_reset_secret" time="0.751" /><testcase classname="tests.test_tuya_admin" name="test_test_endpoint_updates_last_test" time="0.596" /><testcase classname="tests.test_tuya_admin" name="test_backup_contains_tuya" time="0.101" /><testcase classname="tests.test_tuya_admin" name="test_delete_and_reactivation" time="0.336" /><testcase classname="tests.test_tuya_admin" name="test_cleanup" time="0.105" /></testsuite></testsuites>